[2021-04-20 07:01:28,800] {taskinstance.py:655} INFO - Dependencies all met for <TaskInstance: global_dag.Load_song_dim_table 2018-11-01T00:00:00+00:00 [queued]>
[2021-04-20 07:01:28,833] {taskinstance.py:655} INFO - Dependencies all met for <TaskInstance: global_dag.Load_song_dim_table 2018-11-01T00:00:00+00:00 [queued]>
[2021-04-20 07:01:28,834] {taskinstance.py:866} INFO - 
--------------------------------------------------------------------------------
[2021-04-20 07:01:28,835] {taskinstance.py:867} INFO - Starting attempt 1 of 4
[2021-04-20 07:01:28,836] {taskinstance.py:868} INFO - 
--------------------------------------------------------------------------------
[2021-04-20 07:01:28,896] {taskinstance.py:887} INFO - Executing <Task(LoadDimensionOperator): Load_song_dim_table> on 2018-11-01T00:00:00+00:00
[2021-04-20 07:01:28,900] {standard_task_runner.py:53} INFO - Started process 3199 to run task
[2021-04-20 07:01:28,998] {logging_mixin.py:112} INFO - Running %s on host %s <TaskInstance: global_dag.Load_song_dim_table 2018-11-01T00:00:00+00:00 [running]> 68b6afff5d68
[2021-04-20 07:01:29,047] {taskinstance.py:1128} ERROR - The conn_id `redshift` isn't defined
Traceback (most recent call last):
  File "/usr/local/lib/python3.7/site-packages/airflow/models/taskinstance.py", line 966, in _run_raw_task
    result = task_copy.execute(context=context)
  File "/usr/local/airflow/plugins/operators/load_dimension.py", line 39, in execute
    redshift.run(sql_statement)
  File "/usr/local/lib/python3.7/site-packages/airflow/hooks/dbapi_hook.py", line 162, in run
    with closing(self.get_conn()) as conn:
  File "/usr/local/lib/python3.7/site-packages/airflow/hooks/postgres_hook.py", line 71, in get_conn
    conn = self.get_connection(conn_id)
  File "/usr/local/lib/python3.7/site-packages/airflow/hooks/base_hook.py", line 81, in get_connection
    conn = random.choice(list(cls.get_connections(conn_id)))
  File "/usr/local/lib/python3.7/site-packages/airflow/hooks/base_hook.py", line 76, in get_connections
    conns = cls._get_connections_from_db(conn_id)
  File "/usr/local/lib/python3.7/site-packages/airflow/utils/db.py", line 74, in wrapper
    return func(*args, **kwargs)
  File "/usr/local/lib/python3.7/site-packages/airflow/hooks/base_hook.py", line 59, in _get_connections_from_db
    "The conn_id `{0}` isn't defined".format(conn_id))
airflow.exceptions.AirflowException: The conn_id `redshift` isn't defined
[2021-04-20 07:01:29,051] {taskinstance.py:1151} INFO - Marking task as UP_FOR_RETRY
[2021-04-20 07:01:38,749] {logging_mixin.py:112} INFO - [2021-04-20 07:01:38,748] {local_task_job.py:103} INFO - Task exited with return code 1
