[2021-04-20 07:08:03,668] {scheduler_job.py:153} INFO - Started process (PID=3466) to work on /usr/local/airflow/dags/initial_dag.py
[2021-04-20 07:08:03,676] {scheduler_job.py:1560} INFO - Processing file /usr/local/airflow/dags/initial_dag.py for tasks to queue
[2021-04-20 07:08:03,678] {logging_mixin.py:112} INFO - [2021-04-20 07:08:03,678] {dagbag.py:403} INFO - Filling up the DagBag from /usr/local/airflow/dags/initial_dag.py
[2021-04-20 07:08:03,700] {scheduler_job.py:1572} INFO - DAG(s) dict_keys(['global_dag']) retrieved from /usr/local/airflow/dags/initial_dag.py
[2021-04-20 07:08:03,764] {scheduler_job.py:161} INFO - Processing /usr/local/airflow/dags/initial_dag.py took 0.096 seconds
[2021-04-20 07:08:07,669] {scheduler_job.py:153} INFO - Started process (PID=3468) to work on /usr/local/airflow/dags/initial_dag.py
[2021-04-20 07:08:07,674] {scheduler_job.py:1560} INFO - Processing file /usr/local/airflow/dags/initial_dag.py for tasks to queue
[2021-04-20 07:08:07,676] {logging_mixin.py:112} INFO - [2021-04-20 07:08:07,676] {dagbag.py:403} INFO - Filling up the DagBag from /usr/local/airflow/dags/initial_dag.py
[2021-04-20 07:08:07,690] {scheduler_job.py:1572} INFO - DAG(s) dict_keys(['global_dag']) retrieved from /usr/local/airflow/dags/initial_dag.py
[2021-04-20 07:08:07,756] {scheduler_job.py:161} INFO - Processing /usr/local/airflow/dags/initial_dag.py took 0.087 seconds
[2021-04-20 07:08:11,679] {scheduler_job.py:153} INFO - Started process (PID=3470) to work on /usr/local/airflow/dags/initial_dag.py
[2021-04-20 07:08:11,684] {scheduler_job.py:1560} INFO - Processing file /usr/local/airflow/dags/initial_dag.py for tasks to queue
[2021-04-20 07:08:11,685] {logging_mixin.py:112} INFO - [2021-04-20 07:08:11,685] {dagbag.py:403} INFO - Filling up the DagBag from /usr/local/airflow/dags/initial_dag.py
[2021-04-20 07:08:11,698] {scheduler_job.py:1572} INFO - DAG(s) dict_keys(['global_dag']) retrieved from /usr/local/airflow/dags/initial_dag.py
[2021-04-20 07:08:11,764] {scheduler_job.py:161} INFO - Processing /usr/local/airflow/dags/initial_dag.py took 0.085 seconds
[2021-04-20 07:08:15,698] {scheduler_job.py:153} INFO - Started process (PID=3472) to work on /usr/local/airflow/dags/initial_dag.py
[2021-04-20 07:08:15,704] {scheduler_job.py:1560} INFO - Processing file /usr/local/airflow/dags/initial_dag.py for tasks to queue
[2021-04-20 07:08:15,705] {logging_mixin.py:112} INFO - [2021-04-20 07:08:15,705] {dagbag.py:403} INFO - Filling up the DagBag from /usr/local/airflow/dags/initial_dag.py
[2021-04-20 07:08:15,725] {scheduler_job.py:1572} INFO - DAG(s) dict_keys(['global_dag']) retrieved from /usr/local/airflow/dags/initial_dag.py
[2021-04-20 07:08:15,801] {scheduler_job.py:161} INFO - Processing /usr/local/airflow/dags/initial_dag.py took 0.104 seconds
[2021-04-20 07:08:19,704] {scheduler_job.py:153} INFO - Started process (PID=3474) to work on /usr/local/airflow/dags/initial_dag.py
[2021-04-20 07:08:19,709] {scheduler_job.py:1560} INFO - Processing file /usr/local/airflow/dags/initial_dag.py for tasks to queue
[2021-04-20 07:08:19,710] {logging_mixin.py:112} INFO - [2021-04-20 07:08:19,710] {dagbag.py:403} INFO - Filling up the DagBag from /usr/local/airflow/dags/initial_dag.py
[2021-04-20 07:08:19,723] {scheduler_job.py:1572} INFO - DAG(s) dict_keys(['global_dag']) retrieved from /usr/local/airflow/dags/initial_dag.py
[2021-04-20 07:08:19,796] {scheduler_job.py:161} INFO - Processing /usr/local/airflow/dags/initial_dag.py took 0.092 seconds
[2021-04-20 07:08:23,734] {scheduler_job.py:153} INFO - Started process (PID=3476) to work on /usr/local/airflow/dags/initial_dag.py
[2021-04-20 07:08:23,739] {scheduler_job.py:1560} INFO - Processing file /usr/local/airflow/dags/initial_dag.py for tasks to queue
[2021-04-20 07:08:23,740] {logging_mixin.py:112} INFO - [2021-04-20 07:08:23,740] {dagbag.py:403} INFO - Filling up the DagBag from /usr/local/airflow/dags/initial_dag.py
[2021-04-20 07:08:23,755] {scheduler_job.py:1572} INFO - DAG(s) dict_keys(['global_dag']) retrieved from /usr/local/airflow/dags/initial_dag.py
[2021-04-20 07:08:23,816] {scheduler_job.py:161} INFO - Processing /usr/local/airflow/dags/initial_dag.py took 0.082 seconds
[2021-04-20 07:08:27,709] {scheduler_job.py:153} INFO - Started process (PID=3478) to work on /usr/local/airflow/dags/initial_dag.py
[2021-04-20 07:08:27,727] {scheduler_job.py:1560} INFO - Processing file /usr/local/airflow/dags/initial_dag.py for tasks to queue
[2021-04-20 07:08:27,730] {logging_mixin.py:112} INFO - [2021-04-20 07:08:27,730] {dagbag.py:403} INFO - Filling up the DagBag from /usr/local/airflow/dags/initial_dag.py
[2021-04-20 07:08:27,758] {scheduler_job.py:1572} INFO - DAG(s) dict_keys(['global_dag']) retrieved from /usr/local/airflow/dags/initial_dag.py
[2021-04-20 07:08:27,825] {scheduler_job.py:161} INFO - Processing /usr/local/airflow/dags/initial_dag.py took 0.117 seconds
[2021-04-20 07:09:00,007] {scheduler_job.py:153} INFO - Started process (PID=38) to work on /usr/local/airflow/dags/initial_dag.py
[2021-04-20 07:09:00,014] {scheduler_job.py:1560} INFO - Processing file /usr/local/airflow/dags/initial_dag.py for tasks to queue
[2021-04-20 07:09:00,016] {logging_mixin.py:112} INFO - [2021-04-20 07:09:00,016] {dagbag.py:403} INFO - Filling up the DagBag from /usr/local/airflow/dags/initial_dag.py
[2021-04-20 07:09:00,067] {scheduler_job.py:1572} INFO - DAG(s) dict_keys(['global_dag']) retrieved from /usr/local/airflow/dags/initial_dag.py
[2021-04-20 07:09:00,227] {scheduler_job.py:161} INFO - Processing /usr/local/airflow/dags/initial_dag.py took 0.220 seconds
[2021-04-20 07:09:03,995] {scheduler_job.py:153} INFO - Started process (PID=49) to work on /usr/local/airflow/dags/initial_dag.py
[2021-04-20 07:09:04,001] {scheduler_job.py:1560} INFO - Processing file /usr/local/airflow/dags/initial_dag.py for tasks to queue
[2021-04-20 07:09:04,004] {logging_mixin.py:112} INFO - [2021-04-20 07:09:04,003] {dagbag.py:403} INFO - Filling up the DagBag from /usr/local/airflow/dags/initial_dag.py
[2021-04-20 07:09:04,026] {scheduler_job.py:1572} INFO - DAG(s) dict_keys(['global_dag']) retrieved from /usr/local/airflow/dags/initial_dag.py
[2021-04-20 07:09:04,100] {scheduler_job.py:161} INFO - Processing /usr/local/airflow/dags/initial_dag.py took 0.105 seconds
[2021-04-20 07:09:08,004] {scheduler_job.py:153} INFO - Started process (PID=51) to work on /usr/local/airflow/dags/initial_dag.py
[2021-04-20 07:09:08,009] {scheduler_job.py:1560} INFO - Processing file /usr/local/airflow/dags/initial_dag.py for tasks to queue
[2021-04-20 07:09:08,010] {logging_mixin.py:112} INFO - [2021-04-20 07:09:08,010] {dagbag.py:403} INFO - Filling up the DagBag from /usr/local/airflow/dags/initial_dag.py
[2021-04-20 07:09:08,028] {scheduler_job.py:1572} INFO - DAG(s) dict_keys(['global_dag']) retrieved from /usr/local/airflow/dags/initial_dag.py
[2021-04-20 07:09:08,091] {scheduler_job.py:161} INFO - Processing /usr/local/airflow/dags/initial_dag.py took 0.087 seconds
[2021-04-20 07:09:12,016] {scheduler_job.py:153} INFO - Started process (PID=53) to work on /usr/local/airflow/dags/initial_dag.py
[2021-04-20 07:09:12,021] {scheduler_job.py:1560} INFO - Processing file /usr/local/airflow/dags/initial_dag.py for tasks to queue
[2021-04-20 07:09:12,022] {logging_mixin.py:112} INFO - [2021-04-20 07:09:12,022] {dagbag.py:403} INFO - Filling up the DagBag from /usr/local/airflow/dags/initial_dag.py
[2021-04-20 07:09:12,039] {scheduler_job.py:1572} INFO - DAG(s) dict_keys(['global_dag']) retrieved from /usr/local/airflow/dags/initial_dag.py
[2021-04-20 07:09:12,101] {scheduler_job.py:161} INFO - Processing /usr/local/airflow/dags/initial_dag.py took 0.085 seconds
[2021-04-20 07:09:16,032] {scheduler_job.py:153} INFO - Started process (PID=55) to work on /usr/local/airflow/dags/initial_dag.py
[2021-04-20 07:09:16,038] {scheduler_job.py:1560} INFO - Processing file /usr/local/airflow/dags/initial_dag.py for tasks to queue
[2021-04-20 07:09:16,040] {logging_mixin.py:112} INFO - [2021-04-20 07:09:16,040] {dagbag.py:403} INFO - Filling up the DagBag from /usr/local/airflow/dags/initial_dag.py
[2021-04-20 07:09:16,063] {scheduler_job.py:1572} INFO - DAG(s) dict_keys(['global_dag']) retrieved from /usr/local/airflow/dags/initial_dag.py
[2021-04-20 07:09:16,132] {scheduler_job.py:161} INFO - Processing /usr/local/airflow/dags/initial_dag.py took 0.100 seconds
[2021-04-20 07:09:20,082] {scheduler_job.py:153} INFO - Started process (PID=57) to work on /usr/local/airflow/dags/initial_dag.py
[2021-04-20 07:09:20,091] {scheduler_job.py:1560} INFO - Processing file /usr/local/airflow/dags/initial_dag.py for tasks to queue
[2021-04-20 07:09:20,093] {logging_mixin.py:112} INFO - [2021-04-20 07:09:20,093] {dagbag.py:403} INFO - Filling up the DagBag from /usr/local/airflow/dags/initial_dag.py
[2021-04-20 07:09:20,127] {scheduler_job.py:1572} INFO - DAG(s) dict_keys(['global_dag']) retrieved from /usr/local/airflow/dags/initial_dag.py
[2021-04-20 07:09:20,211] {scheduler_job.py:161} INFO - Processing /usr/local/airflow/dags/initial_dag.py took 0.129 seconds
[2021-04-20 07:09:24,051] {scheduler_job.py:153} INFO - Started process (PID=59) to work on /usr/local/airflow/dags/initial_dag.py
[2021-04-20 07:09:24,055] {scheduler_job.py:1560} INFO - Processing file /usr/local/airflow/dags/initial_dag.py for tasks to queue
[2021-04-20 07:09:24,057] {logging_mixin.py:112} INFO - [2021-04-20 07:09:24,057] {dagbag.py:403} INFO - Filling up the DagBag from /usr/local/airflow/dags/initial_dag.py
[2021-04-20 07:09:24,076] {scheduler_job.py:1572} INFO - DAG(s) dict_keys(['global_dag']) retrieved from /usr/local/airflow/dags/initial_dag.py
[2021-04-20 07:09:24,123] {scheduler_job.py:161} INFO - Processing /usr/local/airflow/dags/initial_dag.py took 0.072 seconds
[2021-04-20 07:09:28,032] {scheduler_job.py:153} INFO - Started process (PID=61) to work on /usr/local/airflow/dags/initial_dag.py
[2021-04-20 07:09:28,038] {scheduler_job.py:1560} INFO - Processing file /usr/local/airflow/dags/initial_dag.py for tasks to queue
[2021-04-20 07:09:28,040] {logging_mixin.py:112} INFO - [2021-04-20 07:09:28,040] {dagbag.py:403} INFO - Filling up the DagBag from /usr/local/airflow/dags/initial_dag.py
[2021-04-20 07:09:28,067] {scheduler_job.py:1572} INFO - DAG(s) dict_keys(['global_dag']) retrieved from /usr/local/airflow/dags/initial_dag.py
[2021-04-20 07:09:28,144] {scheduler_job.py:161} INFO - Processing /usr/local/airflow/dags/initial_dag.py took 0.112 seconds
[2021-04-20 07:09:32,053] {scheduler_job.py:153} INFO - Started process (PID=64) to work on /usr/local/airflow/dags/initial_dag.py
[2021-04-20 07:09:32,057] {scheduler_job.py:1560} INFO - Processing file /usr/local/airflow/dags/initial_dag.py for tasks to queue
[2021-04-20 07:09:32,059] {logging_mixin.py:112} INFO - [2021-04-20 07:09:32,058] {dagbag.py:403} INFO - Filling up the DagBag from /usr/local/airflow/dags/initial_dag.py
[2021-04-20 07:09:32,078] {scheduler_job.py:1572} INFO - DAG(s) dict_keys(['global_dag']) retrieved from /usr/local/airflow/dags/initial_dag.py
[2021-04-20 07:09:32,144] {scheduler_job.py:161} INFO - Processing /usr/local/airflow/dags/initial_dag.py took 0.092 seconds
[2021-04-20 07:09:36,055] {scheduler_job.py:153} INFO - Started process (PID=69) to work on /usr/local/airflow/dags/initial_dag.py
[2021-04-20 07:09:36,059] {scheduler_job.py:1560} INFO - Processing file /usr/local/airflow/dags/initial_dag.py for tasks to queue
[2021-04-20 07:09:36,061] {logging_mixin.py:112} INFO - [2021-04-20 07:09:36,061] {dagbag.py:403} INFO - Filling up the DagBag from /usr/local/airflow/dags/initial_dag.py
[2021-04-20 07:09:36,077] {scheduler_job.py:1572} INFO - DAG(s) dict_keys(['global_dag']) retrieved from /usr/local/airflow/dags/initial_dag.py
[2021-04-20 07:09:36,139] {scheduler_job.py:161} INFO - Processing /usr/local/airflow/dags/initial_dag.py took 0.084 seconds
[2021-04-20 07:09:40,072] {scheduler_job.py:153} INFO - Started process (PID=71) to work on /usr/local/airflow/dags/initial_dag.py
[2021-04-20 07:09:40,076] {scheduler_job.py:1560} INFO - Processing file /usr/local/airflow/dags/initial_dag.py for tasks to queue
[2021-04-20 07:09:40,078] {logging_mixin.py:112} INFO - [2021-04-20 07:09:40,077] {dagbag.py:403} INFO - Filling up the DagBag from /usr/local/airflow/dags/initial_dag.py
[2021-04-20 07:09:40,107] {scheduler_job.py:1572} INFO - DAG(s) dict_keys(['global_dag']) retrieved from /usr/local/airflow/dags/initial_dag.py
[2021-04-20 07:09:40,176] {scheduler_job.py:161} INFO - Processing /usr/local/airflow/dags/initial_dag.py took 0.104 seconds
[2021-04-20 07:09:44,080] {scheduler_job.py:153} INFO - Started process (PID=73) to work on /usr/local/airflow/dags/initial_dag.py
[2021-04-20 07:09:44,088] {scheduler_job.py:1560} INFO - Processing file /usr/local/airflow/dags/initial_dag.py for tasks to queue
[2021-04-20 07:09:44,090] {logging_mixin.py:112} INFO - [2021-04-20 07:09:44,089] {dagbag.py:403} INFO - Filling up the DagBag from /usr/local/airflow/dags/initial_dag.py
[2021-04-20 07:09:44,104] {scheduler_job.py:1572} INFO - DAG(s) dict_keys(['global_dag']) retrieved from /usr/local/airflow/dags/initial_dag.py
[2021-04-20 07:09:44,175] {scheduler_job.py:161} INFO - Processing /usr/local/airflow/dags/initial_dag.py took 0.095 seconds
[2021-04-20 07:09:48,090] {scheduler_job.py:153} INFO - Started process (PID=75) to work on /usr/local/airflow/dags/initial_dag.py
[2021-04-20 07:09:48,098] {scheduler_job.py:1560} INFO - Processing file /usr/local/airflow/dags/initial_dag.py for tasks to queue
[2021-04-20 07:09:48,099] {logging_mixin.py:112} INFO - [2021-04-20 07:09:48,099] {dagbag.py:403} INFO - Filling up the DagBag from /usr/local/airflow/dags/initial_dag.py
[2021-04-20 07:09:48,113] {scheduler_job.py:1572} INFO - DAG(s) dict_keys(['global_dag']) retrieved from /usr/local/airflow/dags/initial_dag.py
[2021-04-20 07:09:48,176] {scheduler_job.py:161} INFO - Processing /usr/local/airflow/dags/initial_dag.py took 0.086 seconds
[2021-04-20 07:09:52,136] {scheduler_job.py:153} INFO - Started process (PID=77) to work on /usr/local/airflow/dags/initial_dag.py
[2021-04-20 07:09:52,146] {scheduler_job.py:1560} INFO - Processing file /usr/local/airflow/dags/initial_dag.py for tasks to queue
[2021-04-20 07:09:52,150] {logging_mixin.py:112} INFO - [2021-04-20 07:09:52,149] {dagbag.py:403} INFO - Filling up the DagBag from /usr/local/airflow/dags/initial_dag.py
[2021-04-20 07:09:52,170] {scheduler_job.py:1572} INFO - DAG(s) dict_keys(['global_dag']) retrieved from /usr/local/airflow/dags/initial_dag.py
[2021-04-20 07:09:52,236] {scheduler_job.py:161} INFO - Processing /usr/local/airflow/dags/initial_dag.py took 0.100 seconds
[2021-04-20 07:09:56,087] {scheduler_job.py:153} INFO - Started process (PID=79) to work on /usr/local/airflow/dags/initial_dag.py
[2021-04-20 07:09:56,095] {scheduler_job.py:1560} INFO - Processing file /usr/local/airflow/dags/initial_dag.py for tasks to queue
[2021-04-20 07:09:56,097] {logging_mixin.py:112} INFO - [2021-04-20 07:09:56,096] {dagbag.py:403} INFO - Filling up the DagBag from /usr/local/airflow/dags/initial_dag.py
[2021-04-20 07:09:56,110] {scheduler_job.py:1572} INFO - DAG(s) dict_keys(['global_dag']) retrieved from /usr/local/airflow/dags/initial_dag.py
[2021-04-20 07:09:56,183] {scheduler_job.py:161} INFO - Processing /usr/local/airflow/dags/initial_dag.py took 0.096 seconds
[2021-04-20 07:10:00,102] {scheduler_job.py:153} INFO - Started process (PID=81) to work on /usr/local/airflow/dags/initial_dag.py
[2021-04-20 07:10:00,110] {scheduler_job.py:1560} INFO - Processing file /usr/local/airflow/dags/initial_dag.py for tasks to queue
[2021-04-20 07:10:00,112] {logging_mixin.py:112} INFO - [2021-04-20 07:10:00,111] {dagbag.py:403} INFO - Filling up the DagBag from /usr/local/airflow/dags/initial_dag.py
[2021-04-20 07:10:00,127] {scheduler_job.py:1572} INFO - DAG(s) dict_keys(['global_dag']) retrieved from /usr/local/airflow/dags/initial_dag.py
[2021-04-20 07:10:00,198] {scheduler_job.py:161} INFO - Processing /usr/local/airflow/dags/initial_dag.py took 0.096 seconds
[2021-04-20 07:10:04,132] {scheduler_job.py:153} INFO - Started process (PID=87) to work on /usr/local/airflow/dags/initial_dag.py
[2021-04-20 07:10:04,141] {scheduler_job.py:1560} INFO - Processing file /usr/local/airflow/dags/initial_dag.py for tasks to queue
[2021-04-20 07:10:04,142] {logging_mixin.py:112} INFO - [2021-04-20 07:10:04,142] {dagbag.py:403} INFO - Filling up the DagBag from /usr/local/airflow/dags/initial_dag.py
[2021-04-20 07:10:04,167] {scheduler_job.py:1572} INFO - DAG(s) dict_keys(['global_dag']) retrieved from /usr/local/airflow/dags/initial_dag.py
[2021-04-20 07:10:04,229] {scheduler_job.py:161} INFO - Processing /usr/local/airflow/dags/initial_dag.py took 0.097 seconds
[2021-04-20 07:10:08,132] {scheduler_job.py:153} INFO - Started process (PID=89) to work on /usr/local/airflow/dags/initial_dag.py
[2021-04-20 07:10:08,139] {scheduler_job.py:1560} INFO - Processing file /usr/local/airflow/dags/initial_dag.py for tasks to queue
[2021-04-20 07:10:08,140] {logging_mixin.py:112} INFO - [2021-04-20 07:10:08,140] {dagbag.py:403} INFO - Filling up the DagBag from /usr/local/airflow/dags/initial_dag.py
[2021-04-20 07:10:08,154] {scheduler_job.py:1572} INFO - DAG(s) dict_keys(['global_dag']) retrieved from /usr/local/airflow/dags/initial_dag.py
[2021-04-20 07:10:08,214] {scheduler_job.py:161} INFO - Processing /usr/local/airflow/dags/initial_dag.py took 0.082 seconds
[2021-04-20 07:10:12,150] {scheduler_job.py:153} INFO - Started process (PID=91) to work on /usr/local/airflow/dags/initial_dag.py
[2021-04-20 07:10:12,158] {scheduler_job.py:1560} INFO - Processing file /usr/local/airflow/dags/initial_dag.py for tasks to queue
[2021-04-20 07:10:12,159] {logging_mixin.py:112} INFO - [2021-04-20 07:10:12,159] {dagbag.py:403} INFO - Filling up the DagBag from /usr/local/airflow/dags/initial_dag.py
[2021-04-20 07:10:12,173] {scheduler_job.py:1572} INFO - DAG(s) dict_keys(['global_dag']) retrieved from /usr/local/airflow/dags/initial_dag.py
[2021-04-20 07:10:12,237] {scheduler_job.py:161} INFO - Processing /usr/local/airflow/dags/initial_dag.py took 0.087 seconds
[2021-04-20 07:10:16,164] {scheduler_job.py:153} INFO - Started process (PID=93) to work on /usr/local/airflow/dags/initial_dag.py
[2021-04-20 07:10:16,174] {scheduler_job.py:1560} INFO - Processing file /usr/local/airflow/dags/initial_dag.py for tasks to queue
[2021-04-20 07:10:16,176] {logging_mixin.py:112} INFO - [2021-04-20 07:10:16,176] {dagbag.py:403} INFO - Filling up the DagBag from /usr/local/airflow/dags/initial_dag.py
[2021-04-20 07:10:16,192] {scheduler_job.py:1572} INFO - DAG(s) dict_keys(['global_dag']) retrieved from /usr/local/airflow/dags/initial_dag.py
[2021-04-20 07:10:16,272] {scheduler_job.py:161} INFO - Processing /usr/local/airflow/dags/initial_dag.py took 0.108 seconds
[2021-04-20 07:10:20,172] {scheduler_job.py:153} INFO - Started process (PID=95) to work on /usr/local/airflow/dags/initial_dag.py
[2021-04-20 07:10:20,179] {scheduler_job.py:1560} INFO - Processing file /usr/local/airflow/dags/initial_dag.py for tasks to queue
[2021-04-20 07:10:20,181] {logging_mixin.py:112} INFO - [2021-04-20 07:10:20,180] {dagbag.py:403} INFO - Filling up the DagBag from /usr/local/airflow/dags/initial_dag.py
[2021-04-20 07:10:20,193] {scheduler_job.py:1572} INFO - DAG(s) dict_keys(['global_dag']) retrieved from /usr/local/airflow/dags/initial_dag.py
[2021-04-20 07:10:20,252] {scheduler_job.py:161} INFO - Processing /usr/local/airflow/dags/initial_dag.py took 0.081 seconds
[2021-04-20 07:10:24,158] {scheduler_job.py:153} INFO - Started process (PID=97) to work on /usr/local/airflow/dags/initial_dag.py
[2021-04-20 07:10:24,165] {scheduler_job.py:1560} INFO - Processing file /usr/local/airflow/dags/initial_dag.py for tasks to queue
[2021-04-20 07:10:24,167] {logging_mixin.py:112} INFO - [2021-04-20 07:10:24,166] {dagbag.py:403} INFO - Filling up the DagBag from /usr/local/airflow/dags/initial_dag.py
[2021-04-20 07:10:24,180] {scheduler_job.py:1572} INFO - DAG(s) dict_keys(['global_dag']) retrieved from /usr/local/airflow/dags/initial_dag.py
[2021-04-20 07:10:24,238] {scheduler_job.py:161} INFO - Processing /usr/local/airflow/dags/initial_dag.py took 0.081 seconds
[2021-04-20 07:10:28,180] {scheduler_job.py:153} INFO - Started process (PID=99) to work on /usr/local/airflow/dags/initial_dag.py
[2021-04-20 07:10:28,188] {scheduler_job.py:1560} INFO - Processing file /usr/local/airflow/dags/initial_dag.py for tasks to queue
[2021-04-20 07:10:28,189] {logging_mixin.py:112} INFO - [2021-04-20 07:10:28,189] {dagbag.py:403} INFO - Filling up the DagBag from /usr/local/airflow/dags/initial_dag.py
[2021-04-20 07:10:28,206] {scheduler_job.py:1572} INFO - DAG(s) dict_keys(['global_dag']) retrieved from /usr/local/airflow/dags/initial_dag.py
[2021-04-20 07:10:28,287] {scheduler_job.py:161} INFO - Processing /usr/local/airflow/dags/initial_dag.py took 0.107 seconds
[2021-04-20 07:10:32,179] {scheduler_job.py:153} INFO - Started process (PID=101) to work on /usr/local/airflow/dags/initial_dag.py
[2021-04-20 07:10:32,186] {scheduler_job.py:1560} INFO - Processing file /usr/local/airflow/dags/initial_dag.py for tasks to queue
[2021-04-20 07:10:32,188] {logging_mixin.py:112} INFO - [2021-04-20 07:10:32,188] {dagbag.py:403} INFO - Filling up the DagBag from /usr/local/airflow/dags/initial_dag.py
[2021-04-20 07:10:32,202] {scheduler_job.py:1572} INFO - DAG(s) dict_keys(['global_dag']) retrieved from /usr/local/airflow/dags/initial_dag.py
[2021-04-20 07:10:32,262] {scheduler_job.py:161} INFO - Processing /usr/local/airflow/dags/initial_dag.py took 0.083 seconds
[2021-04-20 07:10:36,207] {scheduler_job.py:153} INFO - Started process (PID=107) to work on /usr/local/airflow/dags/initial_dag.py
[2021-04-20 07:10:36,214] {scheduler_job.py:1560} INFO - Processing file /usr/local/airflow/dags/initial_dag.py for tasks to queue
[2021-04-20 07:10:36,216] {logging_mixin.py:112} INFO - [2021-04-20 07:10:36,215] {dagbag.py:403} INFO - Filling up the DagBag from /usr/local/airflow/dags/initial_dag.py
[2021-04-20 07:10:36,234] {scheduler_job.py:1572} INFO - DAG(s) dict_keys(['global_dag']) retrieved from /usr/local/airflow/dags/initial_dag.py
[2021-04-20 07:10:36,315] {scheduler_job.py:161} INFO - Processing /usr/local/airflow/dags/initial_dag.py took 0.108 seconds
[2021-04-20 07:10:40,207] {scheduler_job.py:153} INFO - Started process (PID=109) to work on /usr/local/airflow/dags/initial_dag.py
[2021-04-20 07:10:40,216] {scheduler_job.py:1560} INFO - Processing file /usr/local/airflow/dags/initial_dag.py for tasks to queue
[2021-04-20 07:10:40,217] {logging_mixin.py:112} INFO - [2021-04-20 07:10:40,217] {dagbag.py:403} INFO - Filling up the DagBag from /usr/local/airflow/dags/initial_dag.py
[2021-04-20 07:10:40,245] {scheduler_job.py:1572} INFO - DAG(s) dict_keys(['global_dag']) retrieved from /usr/local/airflow/dags/initial_dag.py
[2021-04-20 07:10:40,329] {scheduler_job.py:161} INFO - Processing /usr/local/airflow/dags/initial_dag.py took 0.122 seconds
[2021-04-20 07:10:44,224] {scheduler_job.py:153} INFO - Started process (PID=111) to work on /usr/local/airflow/dags/initial_dag.py
[2021-04-20 07:10:44,228] {scheduler_job.py:1560} INFO - Processing file /usr/local/airflow/dags/initial_dag.py for tasks to queue
[2021-04-20 07:10:44,230] {logging_mixin.py:112} INFO - [2021-04-20 07:10:44,230] {dagbag.py:403} INFO - Filling up the DagBag from /usr/local/airflow/dags/initial_dag.py
[2021-04-20 07:10:44,245] {scheduler_job.py:1572} INFO - DAG(s) dict_keys(['global_dag']) retrieved from /usr/local/airflow/dags/initial_dag.py
[2021-04-20 07:10:44,307] {scheduler_job.py:161} INFO - Processing /usr/local/airflow/dags/initial_dag.py took 0.083 seconds
[2021-04-20 07:10:48,242] {scheduler_job.py:153} INFO - Started process (PID=113) to work on /usr/local/airflow/dags/initial_dag.py
[2021-04-20 07:10:48,246] {scheduler_job.py:1560} INFO - Processing file /usr/local/airflow/dags/initial_dag.py for tasks to queue
[2021-04-20 07:10:48,248] {logging_mixin.py:112} INFO - [2021-04-20 07:10:48,248] {dagbag.py:403} INFO - Filling up the DagBag from /usr/local/airflow/dags/initial_dag.py
[2021-04-20 07:10:48,265] {scheduler_job.py:1572} INFO - DAG(s) dict_keys(['global_dag']) retrieved from /usr/local/airflow/dags/initial_dag.py
[2021-04-20 07:10:48,337] {scheduler_job.py:161} INFO - Processing /usr/local/airflow/dags/initial_dag.py took 0.095 seconds
[2021-04-20 07:10:52,251] {scheduler_job.py:153} INFO - Started process (PID=115) to work on /usr/local/airflow/dags/initial_dag.py
[2021-04-20 07:10:52,261] {scheduler_job.py:1560} INFO - Processing file /usr/local/airflow/dags/initial_dag.py for tasks to queue
[2021-04-20 07:10:52,264] {logging_mixin.py:112} INFO - [2021-04-20 07:10:52,264] {dagbag.py:403} INFO - Filling up the DagBag from /usr/local/airflow/dags/initial_dag.py
[2021-04-20 07:10:52,305] {scheduler_job.py:1572} INFO - DAG(s) dict_keys(['global_dag']) retrieved from /usr/local/airflow/dags/initial_dag.py
[2021-04-20 07:10:52,390] {scheduler_job.py:161} INFO - Processing /usr/local/airflow/dags/initial_dag.py took 0.140 seconds
[2021-04-20 07:10:56,221] {scheduler_job.py:153} INFO - Started process (PID=117) to work on /usr/local/airflow/dags/initial_dag.py
[2021-04-20 07:10:56,226] {scheduler_job.py:1560} INFO - Processing file /usr/local/airflow/dags/initial_dag.py for tasks to queue
[2021-04-20 07:10:56,228] {logging_mixin.py:112} INFO - [2021-04-20 07:10:56,228] {dagbag.py:403} INFO - Filling up the DagBag from /usr/local/airflow/dags/initial_dag.py
[2021-04-20 07:10:56,243] {scheduler_job.py:1572} INFO - DAG(s) dict_keys(['global_dag']) retrieved from /usr/local/airflow/dags/initial_dag.py
[2021-04-20 07:10:56,311] {scheduler_job.py:161} INFO - Processing /usr/local/airflow/dags/initial_dag.py took 0.090 seconds
[2021-04-20 07:11:00,229] {scheduler_job.py:153} INFO - Started process (PID=119) to work on /usr/local/airflow/dags/initial_dag.py
[2021-04-20 07:11:00,233] {scheduler_job.py:1560} INFO - Processing file /usr/local/airflow/dags/initial_dag.py for tasks to queue
[2021-04-20 07:11:00,235] {logging_mixin.py:112} INFO - [2021-04-20 07:11:00,234] {dagbag.py:403} INFO - Filling up the DagBag from /usr/local/airflow/dags/initial_dag.py
[2021-04-20 07:11:00,248] {scheduler_job.py:1572} INFO - DAG(s) dict_keys(['global_dag']) retrieved from /usr/local/airflow/dags/initial_dag.py
[2021-04-20 07:11:00,314] {scheduler_job.py:161} INFO - Processing /usr/local/airflow/dags/initial_dag.py took 0.085 seconds
[2021-04-20 07:11:04,246] {scheduler_job.py:153} INFO - Started process (PID=121) to work on /usr/local/airflow/dags/initial_dag.py
[2021-04-20 07:11:04,250] {scheduler_job.py:1560} INFO - Processing file /usr/local/airflow/dags/initial_dag.py for tasks to queue
[2021-04-20 07:11:04,251] {logging_mixin.py:112} INFO - [2021-04-20 07:11:04,251] {dagbag.py:403} INFO - Filling up the DagBag from /usr/local/airflow/dags/initial_dag.py
[2021-04-20 07:11:04,266] {scheduler_job.py:1572} INFO - DAG(s) dict_keys(['global_dag']) retrieved from /usr/local/airflow/dags/initial_dag.py
[2021-04-20 07:11:04,343] {scheduler_job.py:161} INFO - Processing /usr/local/airflow/dags/initial_dag.py took 0.096 seconds
[2021-04-20 07:11:08,271] {scheduler_job.py:153} INFO - Started process (PID=127) to work on /usr/local/airflow/dags/initial_dag.py
[2021-04-20 07:11:08,275] {scheduler_job.py:1560} INFO - Processing file /usr/local/airflow/dags/initial_dag.py for tasks to queue
[2021-04-20 07:11:08,277] {logging_mixin.py:112} INFO - [2021-04-20 07:11:08,277] {dagbag.py:403} INFO - Filling up the DagBag from /usr/local/airflow/dags/initial_dag.py
[2021-04-20 07:11:08,291] {scheduler_job.py:1572} INFO - DAG(s) dict_keys(['global_dag']) retrieved from /usr/local/airflow/dags/initial_dag.py
[2021-04-20 07:11:08,351] {scheduler_job.py:161} INFO - Processing /usr/local/airflow/dags/initial_dag.py took 0.080 seconds
[2021-04-20 07:11:12,269] {scheduler_job.py:153} INFO - Started process (PID=129) to work on /usr/local/airflow/dags/initial_dag.py
[2021-04-20 07:11:12,274] {scheduler_job.py:1560} INFO - Processing file /usr/local/airflow/dags/initial_dag.py for tasks to queue
[2021-04-20 07:11:12,275] {logging_mixin.py:112} INFO - [2021-04-20 07:11:12,275] {dagbag.py:403} INFO - Filling up the DagBag from /usr/local/airflow/dags/initial_dag.py
[2021-04-20 07:11:12,289] {scheduler_job.py:1572} INFO - DAG(s) dict_keys(['global_dag']) retrieved from /usr/local/airflow/dags/initial_dag.py
[2021-04-20 07:11:12,354] {scheduler_job.py:161} INFO - Processing /usr/local/airflow/dags/initial_dag.py took 0.085 seconds
[2021-04-20 07:11:16,280] {scheduler_job.py:153} INFO - Started process (PID=131) to work on /usr/local/airflow/dags/initial_dag.py
[2021-04-20 07:11:16,285] {scheduler_job.py:1560} INFO - Processing file /usr/local/airflow/dags/initial_dag.py for tasks to queue
[2021-04-20 07:11:16,286] {logging_mixin.py:112} INFO - [2021-04-20 07:11:16,286] {dagbag.py:403} INFO - Filling up the DagBag from /usr/local/airflow/dags/initial_dag.py
[2021-04-20 07:11:16,308] {scheduler_job.py:1572} INFO - DAG(s) dict_keys(['global_dag']) retrieved from /usr/local/airflow/dags/initial_dag.py
[2021-04-20 07:11:16,379] {scheduler_job.py:161} INFO - Processing /usr/local/airflow/dags/initial_dag.py took 0.099 seconds
[2021-04-20 07:11:20,296] {scheduler_job.py:153} INFO - Started process (PID=133) to work on /usr/local/airflow/dags/initial_dag.py
[2021-04-20 07:11:20,300] {scheduler_job.py:1560} INFO - Processing file /usr/local/airflow/dags/initial_dag.py for tasks to queue
[2021-04-20 07:11:20,302] {logging_mixin.py:112} INFO - [2021-04-20 07:11:20,301] {dagbag.py:403} INFO - Filling up the DagBag from /usr/local/airflow/dags/initial_dag.py
[2021-04-20 07:11:20,316] {scheduler_job.py:1572} INFO - DAG(s) dict_keys(['global_dag']) retrieved from /usr/local/airflow/dags/initial_dag.py
[2021-04-20 07:11:20,374] {scheduler_job.py:161} INFO - Processing /usr/local/airflow/dags/initial_dag.py took 0.078 seconds
[2021-04-20 07:11:24,279] {scheduler_job.py:153} INFO - Started process (PID=135) to work on /usr/local/airflow/dags/initial_dag.py
[2021-04-20 07:11:24,284] {scheduler_job.py:1560} INFO - Processing file /usr/local/airflow/dags/initial_dag.py for tasks to queue
[2021-04-20 07:11:24,285] {logging_mixin.py:112} INFO - [2021-04-20 07:11:24,285] {dagbag.py:403} INFO - Filling up the DagBag from /usr/local/airflow/dags/initial_dag.py
[2021-04-20 07:11:24,299] {scheduler_job.py:1572} INFO - DAG(s) dict_keys(['global_dag']) retrieved from /usr/local/airflow/dags/initial_dag.py
[2021-04-20 07:11:24,359] {scheduler_job.py:161} INFO - Processing /usr/local/airflow/dags/initial_dag.py took 0.080 seconds
[2021-04-20 07:11:28,294] {scheduler_job.py:153} INFO - Started process (PID=137) to work on /usr/local/airflow/dags/initial_dag.py
[2021-04-20 07:11:28,301] {scheduler_job.py:1560} INFO - Processing file /usr/local/airflow/dags/initial_dag.py for tasks to queue
[2021-04-20 07:11:28,303] {logging_mixin.py:112} INFO - [2021-04-20 07:11:28,303] {dagbag.py:403} INFO - Filling up the DagBag from /usr/local/airflow/dags/initial_dag.py
[2021-04-20 07:11:28,326] {scheduler_job.py:1572} INFO - DAG(s) dict_keys(['global_dag']) retrieved from /usr/local/airflow/dags/initial_dag.py
[2021-04-20 07:11:28,392] {scheduler_job.py:161} INFO - Processing /usr/local/airflow/dags/initial_dag.py took 0.098 seconds
[2021-04-20 07:11:32,306] {scheduler_job.py:153} INFO - Started process (PID=139) to work on /usr/local/airflow/dags/initial_dag.py
[2021-04-20 07:11:32,310] {scheduler_job.py:1560} INFO - Processing file /usr/local/airflow/dags/initial_dag.py for tasks to queue
[2021-04-20 07:11:32,312] {logging_mixin.py:112} INFO - [2021-04-20 07:11:32,311] {dagbag.py:403} INFO - Filling up the DagBag from /usr/local/airflow/dags/initial_dag.py
[2021-04-20 07:11:32,325] {scheduler_job.py:1572} INFO - DAG(s) dict_keys(['global_dag']) retrieved from /usr/local/airflow/dags/initial_dag.py
[2021-04-20 07:11:32,385] {scheduler_job.py:161} INFO - Processing /usr/local/airflow/dags/initial_dag.py took 0.079 seconds
[2021-04-20 07:11:36,325] {scheduler_job.py:153} INFO - Started process (PID=141) to work on /usr/local/airflow/dags/initial_dag.py
[2021-04-20 07:11:36,329] {scheduler_job.py:1560} INFO - Processing file /usr/local/airflow/dags/initial_dag.py for tasks to queue
[2021-04-20 07:11:36,331] {logging_mixin.py:112} INFO - [2021-04-20 07:11:36,331] {dagbag.py:403} INFO - Filling up the DagBag from /usr/local/airflow/dags/initial_dag.py
[2021-04-20 07:11:36,345] {scheduler_job.py:1572} INFO - DAG(s) dict_keys(['global_dag']) retrieved from /usr/local/airflow/dags/initial_dag.py
[2021-04-20 07:11:36,404] {scheduler_job.py:161} INFO - Processing /usr/local/airflow/dags/initial_dag.py took 0.079 seconds
[2021-04-20 07:11:40,356] {scheduler_job.py:153} INFO - Started process (PID=147) to work on /usr/local/airflow/dags/initial_dag.py
[2021-04-20 07:11:40,361] {scheduler_job.py:1560} INFO - Processing file /usr/local/airflow/dags/initial_dag.py for tasks to queue
[2021-04-20 07:11:40,362] {logging_mixin.py:112} INFO - [2021-04-20 07:11:40,362] {dagbag.py:403} INFO - Filling up the DagBag from /usr/local/airflow/dags/initial_dag.py
[2021-04-20 07:11:40,380] {scheduler_job.py:1572} INFO - DAG(s) dict_keys(['global_dag']) retrieved from /usr/local/airflow/dags/initial_dag.py
[2021-04-20 07:11:40,449] {scheduler_job.py:161} INFO - Processing /usr/local/airflow/dags/initial_dag.py took 0.093 seconds
[2021-04-20 07:11:44,351] {scheduler_job.py:153} INFO - Started process (PID=149) to work on /usr/local/airflow/dags/initial_dag.py
[2021-04-20 07:11:44,355] {scheduler_job.py:1560} INFO - Processing file /usr/local/airflow/dags/initial_dag.py for tasks to queue
[2021-04-20 07:11:44,356] {logging_mixin.py:112} INFO - [2021-04-20 07:11:44,356] {dagbag.py:403} INFO - Filling up the DagBag from /usr/local/airflow/dags/initial_dag.py
[2021-04-20 07:11:44,370] {scheduler_job.py:1572} INFO - DAG(s) dict_keys(['global_dag']) retrieved from /usr/local/airflow/dags/initial_dag.py
[2021-04-20 07:11:44,438] {scheduler_job.py:161} INFO - Processing /usr/local/airflow/dags/initial_dag.py took 0.088 seconds
[2021-04-20 07:11:48,370] {scheduler_job.py:153} INFO - Started process (PID=151) to work on /usr/local/airflow/dags/initial_dag.py
[2021-04-20 07:11:48,374] {scheduler_job.py:1560} INFO - Processing file /usr/local/airflow/dags/initial_dag.py for tasks to queue
[2021-04-20 07:11:48,375] {logging_mixin.py:112} INFO - [2021-04-20 07:11:48,375] {dagbag.py:403} INFO - Filling up the DagBag from /usr/local/airflow/dags/initial_dag.py
[2021-04-20 07:11:48,390] {scheduler_job.py:1572} INFO - DAG(s) dict_keys(['global_dag']) retrieved from /usr/local/airflow/dags/initial_dag.py
[2021-04-20 07:11:48,454] {scheduler_job.py:161} INFO - Processing /usr/local/airflow/dags/initial_dag.py took 0.085 seconds
[2021-04-20 07:11:52,387] {scheduler_job.py:153} INFO - Started process (PID=153) to work on /usr/local/airflow/dags/initial_dag.py
[2021-04-20 07:11:52,393] {scheduler_job.py:1560} INFO - Processing file /usr/local/airflow/dags/initial_dag.py for tasks to queue
[2021-04-20 07:11:52,394] {logging_mixin.py:112} INFO - [2021-04-20 07:11:52,394] {dagbag.py:403} INFO - Filling up the DagBag from /usr/local/airflow/dags/initial_dag.py
[2021-04-20 07:11:52,413] {scheduler_job.py:1572} INFO - DAG(s) dict_keys(['global_dag']) retrieved from /usr/local/airflow/dags/initial_dag.py
[2021-04-20 07:11:52,512] {scheduler_job.py:161} INFO - Processing /usr/local/airflow/dags/initial_dag.py took 0.125 seconds
[2021-04-20 07:11:56,355] {scheduler_job.py:153} INFO - Started process (PID=155) to work on /usr/local/airflow/dags/initial_dag.py
[2021-04-20 07:11:56,359] {scheduler_job.py:1560} INFO - Processing file /usr/local/airflow/dags/initial_dag.py for tasks to queue
[2021-04-20 07:11:56,360] {logging_mixin.py:112} INFO - [2021-04-20 07:11:56,360] {dagbag.py:403} INFO - Filling up the DagBag from /usr/local/airflow/dags/initial_dag.py
[2021-04-20 07:11:56,375] {scheduler_job.py:1572} INFO - DAG(s) dict_keys(['global_dag']) retrieved from /usr/local/airflow/dags/initial_dag.py
[2021-04-20 07:11:56,441] {scheduler_job.py:161} INFO - Processing /usr/local/airflow/dags/initial_dag.py took 0.087 seconds
[2021-04-20 07:12:00,365] {scheduler_job.py:153} INFO - Started process (PID=157) to work on /usr/local/airflow/dags/initial_dag.py
[2021-04-20 07:12:00,370] {scheduler_job.py:1560} INFO - Processing file /usr/local/airflow/dags/initial_dag.py for tasks to queue
[2021-04-20 07:12:00,371] {logging_mixin.py:112} INFO - [2021-04-20 07:12:00,371] {dagbag.py:403} INFO - Filling up the DagBag from /usr/local/airflow/dags/initial_dag.py
[2021-04-20 07:12:00,386] {scheduler_job.py:1572} INFO - DAG(s) dict_keys(['global_dag']) retrieved from /usr/local/airflow/dags/initial_dag.py
[2021-04-20 07:12:00,462] {scheduler_job.py:161} INFO - Processing /usr/local/airflow/dags/initial_dag.py took 0.097 seconds
[2021-04-20 07:12:04,378] {scheduler_job.py:153} INFO - Started process (PID=159) to work on /usr/local/airflow/dags/initial_dag.py
[2021-04-20 07:12:04,383] {scheduler_job.py:1560} INFO - Processing file /usr/local/airflow/dags/initial_dag.py for tasks to queue
[2021-04-20 07:12:04,386] {logging_mixin.py:112} INFO - [2021-04-20 07:12:04,385] {dagbag.py:403} INFO - Filling up the DagBag from /usr/local/airflow/dags/initial_dag.py
[2021-04-20 07:12:04,406] {scheduler_job.py:1572} INFO - DAG(s) dict_keys(['global_dag']) retrieved from /usr/local/airflow/dags/initial_dag.py
[2021-04-20 07:12:04,467] {scheduler_job.py:161} INFO - Processing /usr/local/airflow/dags/initial_dag.py took 0.089 seconds
[2021-04-20 07:12:08,393] {scheduler_job.py:153} INFO - Started process (PID=161) to work on /usr/local/airflow/dags/initial_dag.py
[2021-04-20 07:12:08,398] {scheduler_job.py:1560} INFO - Processing file /usr/local/airflow/dags/initial_dag.py for tasks to queue
[2021-04-20 07:12:08,399] {logging_mixin.py:112} INFO - [2021-04-20 07:12:08,399] {dagbag.py:403} INFO - Filling up the DagBag from /usr/local/airflow/dags/initial_dag.py
[2021-04-20 07:12:08,412] {scheduler_job.py:1572} INFO - DAG(s) dict_keys(['global_dag']) retrieved from /usr/local/airflow/dags/initial_dag.py
[2021-04-20 07:12:08,476] {scheduler_job.py:161} INFO - Processing /usr/local/airflow/dags/initial_dag.py took 0.082 seconds
[2021-04-20 07:12:12,420] {scheduler_job.py:153} INFO - Started process (PID=167) to work on /usr/local/airflow/dags/initial_dag.py
[2021-04-20 07:12:12,425] {scheduler_job.py:1560} INFO - Processing file /usr/local/airflow/dags/initial_dag.py for tasks to queue
[2021-04-20 07:12:12,426] {logging_mixin.py:112} INFO - [2021-04-20 07:12:12,426] {dagbag.py:403} INFO - Filling up the DagBag from /usr/local/airflow/dags/initial_dag.py
[2021-04-20 07:12:12,441] {scheduler_job.py:1572} INFO - DAG(s) dict_keys(['global_dag']) retrieved from /usr/local/airflow/dags/initial_dag.py
[2021-04-20 07:12:12,515] {scheduler_job.py:161} INFO - Processing /usr/local/airflow/dags/initial_dag.py took 0.094 seconds
[2021-04-20 07:12:16,418] {scheduler_job.py:153} INFO - Started process (PID=169) to work on /usr/local/airflow/dags/initial_dag.py
[2021-04-20 07:12:16,424] {scheduler_job.py:1560} INFO - Processing file /usr/local/airflow/dags/initial_dag.py for tasks to queue
[2021-04-20 07:12:16,426] {logging_mixin.py:112} INFO - [2021-04-20 07:12:16,426] {dagbag.py:403} INFO - Filling up the DagBag from /usr/local/airflow/dags/initial_dag.py
[2021-04-20 07:12:16,451] {scheduler_job.py:1572} INFO - DAG(s) dict_keys(['global_dag']) retrieved from /usr/local/airflow/dags/initial_dag.py
[2021-04-20 07:12:16,535] {scheduler_job.py:161} INFO - Processing /usr/local/airflow/dags/initial_dag.py took 0.117 seconds
[2021-04-20 07:12:20,426] {scheduler_job.py:153} INFO - Started process (PID=171) to work on /usr/local/airflow/dags/initial_dag.py
[2021-04-20 07:12:20,431] {scheduler_job.py:1560} INFO - Processing file /usr/local/airflow/dags/initial_dag.py for tasks to queue
[2021-04-20 07:12:20,432] {logging_mixin.py:112} INFO - [2021-04-20 07:12:20,432] {dagbag.py:403} INFO - Filling up the DagBag from /usr/local/airflow/dags/initial_dag.py
[2021-04-20 07:12:20,445] {scheduler_job.py:1572} INFO - DAG(s) dict_keys(['global_dag']) retrieved from /usr/local/airflow/dags/initial_dag.py
[2021-04-20 07:12:20,512] {scheduler_job.py:161} INFO - Processing /usr/local/airflow/dags/initial_dag.py took 0.086 seconds
[2021-04-20 07:12:24,403] {scheduler_job.py:153} INFO - Started process (PID=173) to work on /usr/local/airflow/dags/initial_dag.py
[2021-04-20 07:12:24,408] {scheduler_job.py:1560} INFO - Processing file /usr/local/airflow/dags/initial_dag.py for tasks to queue
[2021-04-20 07:12:24,410] {logging_mixin.py:112} INFO - [2021-04-20 07:12:24,409] {dagbag.py:403} INFO - Filling up the DagBag from /usr/local/airflow/dags/initial_dag.py
[2021-04-20 07:12:24,426] {scheduler_job.py:1572} INFO - DAG(s) dict_keys(['global_dag']) retrieved from /usr/local/airflow/dags/initial_dag.py
[2021-04-20 07:12:24,486] {scheduler_job.py:161} INFO - Processing /usr/local/airflow/dags/initial_dag.py took 0.083 seconds
[2021-04-20 07:12:28,415] {scheduler_job.py:153} INFO - Started process (PID=175) to work on /usr/local/airflow/dags/initial_dag.py
[2021-04-20 07:12:28,423] {scheduler_job.py:1560} INFO - Processing file /usr/local/airflow/dags/initial_dag.py for tasks to queue
[2021-04-20 07:12:28,424] {logging_mixin.py:112} INFO - [2021-04-20 07:12:28,424] {dagbag.py:403} INFO - Filling up the DagBag from /usr/local/airflow/dags/initial_dag.py
[2021-04-20 07:12:28,449] {scheduler_job.py:1572} INFO - DAG(s) dict_keys(['global_dag']) retrieved from /usr/local/airflow/dags/initial_dag.py
[2021-04-20 07:12:28,542] {scheduler_job.py:161} INFO - Processing /usr/local/airflow/dags/initial_dag.py took 0.127 seconds
[2021-04-20 07:12:32,420] {scheduler_job.py:153} INFO - Started process (PID=177) to work on /usr/local/airflow/dags/initial_dag.py
[2021-04-20 07:12:32,425] {scheduler_job.py:1560} INFO - Processing file /usr/local/airflow/dags/initial_dag.py for tasks to queue
[2021-04-20 07:12:32,426] {logging_mixin.py:112} INFO - [2021-04-20 07:12:32,426] {dagbag.py:403} INFO - Filling up the DagBag from /usr/local/airflow/dags/initial_dag.py
[2021-04-20 07:12:32,445] {scheduler_job.py:1572} INFO - DAG(s) dict_keys(['global_dag']) retrieved from /usr/local/airflow/dags/initial_dag.py
[2021-04-20 07:12:32,513] {scheduler_job.py:161} INFO - Processing /usr/local/airflow/dags/initial_dag.py took 0.094 seconds
[2021-04-20 07:12:36,433] {scheduler_job.py:153} INFO - Started process (PID=179) to work on /usr/local/airflow/dags/initial_dag.py
[2021-04-20 07:12:36,441] {scheduler_job.py:1560} INFO - Processing file /usr/local/airflow/dags/initial_dag.py for tasks to queue
[2021-04-20 07:12:36,443] {logging_mixin.py:112} INFO - [2021-04-20 07:12:36,443] {dagbag.py:403} INFO - Filling up the DagBag from /usr/local/airflow/dags/initial_dag.py
[2021-04-20 07:12:36,461] {scheduler_job.py:1572} INFO - DAG(s) dict_keys(['global_dag']) retrieved from /usr/local/airflow/dags/initial_dag.py
[2021-04-20 07:12:36,548] {scheduler_job.py:161} INFO - Processing /usr/local/airflow/dags/initial_dag.py took 0.116 seconds
[2021-04-20 07:12:40,440] {scheduler_job.py:153} INFO - Started process (PID=182) to work on /usr/local/airflow/dags/initial_dag.py
[2021-04-20 07:12:40,448] {scheduler_job.py:1560} INFO - Processing file /usr/local/airflow/dags/initial_dag.py for tasks to queue
[2021-04-20 07:12:40,450] {logging_mixin.py:112} INFO - [2021-04-20 07:12:40,449] {dagbag.py:403} INFO - Filling up the DagBag from /usr/local/airflow/dags/initial_dag.py
[2021-04-20 07:12:40,473] {scheduler_job.py:1572} INFO - DAG(s) dict_keys(['global_dag']) retrieved from /usr/local/airflow/dags/initial_dag.py
[2021-04-20 07:12:40,587] {scheduler_job.py:161} INFO - Processing /usr/local/airflow/dags/initial_dag.py took 0.147 seconds
[2021-04-20 07:12:44,450] {scheduler_job.py:153} INFO - Started process (PID=187) to work on /usr/local/airflow/dags/initial_dag.py
[2021-04-20 07:12:44,455] {scheduler_job.py:1560} INFO - Processing file /usr/local/airflow/dags/initial_dag.py for tasks to queue
[2021-04-20 07:12:44,456] {logging_mixin.py:112} INFO - [2021-04-20 07:12:44,456] {dagbag.py:403} INFO - Filling up the DagBag from /usr/local/airflow/dags/initial_dag.py
[2021-04-20 07:12:44,472] {scheduler_job.py:1572} INFO - DAG(s) dict_keys(['global_dag']) retrieved from /usr/local/airflow/dags/initial_dag.py
[2021-04-20 07:12:44,543] {scheduler_job.py:161} INFO - Processing /usr/local/airflow/dags/initial_dag.py took 0.093 seconds
[2021-04-20 07:12:48,455] {scheduler_job.py:153} INFO - Started process (PID=189) to work on /usr/local/airflow/dags/initial_dag.py
[2021-04-20 07:12:48,460] {scheduler_job.py:1560} INFO - Processing file /usr/local/airflow/dags/initial_dag.py for tasks to queue
[2021-04-20 07:12:48,464] {logging_mixin.py:112} INFO - [2021-04-20 07:12:48,464] {dagbag.py:403} INFO - Filling up the DagBag from /usr/local/airflow/dags/initial_dag.py
[2021-04-20 07:12:48,484] {scheduler_job.py:1572} INFO - DAG(s) dict_keys(['global_dag']) retrieved from /usr/local/airflow/dags/initial_dag.py
[2021-04-20 07:12:48,549] {scheduler_job.py:161} INFO - Processing /usr/local/airflow/dags/initial_dag.py took 0.094 seconds
[2021-04-20 07:12:52,467] {scheduler_job.py:153} INFO - Started process (PID=191) to work on /usr/local/airflow/dags/initial_dag.py
[2021-04-20 07:12:52,476] {scheduler_job.py:1560} INFO - Processing file /usr/local/airflow/dags/initial_dag.py for tasks to queue
[2021-04-20 07:12:52,478] {logging_mixin.py:112} INFO - [2021-04-20 07:12:52,478] {dagbag.py:403} INFO - Filling up the DagBag from /usr/local/airflow/dags/initial_dag.py
[2021-04-20 07:12:52,513] {scheduler_job.py:1572} INFO - DAG(s) dict_keys(['global_dag']) retrieved from /usr/local/airflow/dags/initial_dag.py
[2021-04-20 07:12:52,591] {scheduler_job.py:161} INFO - Processing /usr/local/airflow/dags/initial_dag.py took 0.124 seconds
[2021-04-20 07:12:56,431] {scheduler_job.py:153} INFO - Started process (PID=193) to work on /usr/local/airflow/dags/initial_dag.py
[2021-04-20 07:12:56,435] {scheduler_job.py:1560} INFO - Processing file /usr/local/airflow/dags/initial_dag.py for tasks to queue
[2021-04-20 07:12:56,437] {logging_mixin.py:112} INFO - [2021-04-20 07:12:56,437] {dagbag.py:403} INFO - Filling up the DagBag from /usr/local/airflow/dags/initial_dag.py
[2021-04-20 07:12:56,452] {scheduler_job.py:1572} INFO - DAG(s) dict_keys(['global_dag']) retrieved from /usr/local/airflow/dags/initial_dag.py
[2021-04-20 07:12:56,529] {scheduler_job.py:161} INFO - Processing /usr/local/airflow/dags/initial_dag.py took 0.098 seconds
[2021-04-20 07:13:00,440] {scheduler_job.py:153} INFO - Started process (PID=195) to work on /usr/local/airflow/dags/initial_dag.py
[2021-04-20 07:13:00,445] {scheduler_job.py:1560} INFO - Processing file /usr/local/airflow/dags/initial_dag.py for tasks to queue
[2021-04-20 07:13:00,447] {logging_mixin.py:112} INFO - [2021-04-20 07:13:00,446] {dagbag.py:403} INFO - Filling up the DagBag from /usr/local/airflow/dags/initial_dag.py
[2021-04-20 07:13:00,463] {scheduler_job.py:1572} INFO - DAG(s) dict_keys(['global_dag']) retrieved from /usr/local/airflow/dags/initial_dag.py
[2021-04-20 07:13:00,535] {scheduler_job.py:161} INFO - Processing /usr/local/airflow/dags/initial_dag.py took 0.095 seconds
[2021-04-20 07:13:04,468] {scheduler_job.py:153} INFO - Started process (PID=197) to work on /usr/local/airflow/dags/initial_dag.py
[2021-04-20 07:13:04,473] {scheduler_job.py:1560} INFO - Processing file /usr/local/airflow/dags/initial_dag.py for tasks to queue
[2021-04-20 07:13:04,475] {logging_mixin.py:112} INFO - [2021-04-20 07:13:04,474] {dagbag.py:403} INFO - Filling up the DagBag from /usr/local/airflow/dags/initial_dag.py
[2021-04-20 07:13:04,502] {scheduler_job.py:1572} INFO - DAG(s) dict_keys(['global_dag']) retrieved from /usr/local/airflow/dags/initial_dag.py
[2021-04-20 07:13:04,570] {scheduler_job.py:161} INFO - Processing /usr/local/airflow/dags/initial_dag.py took 0.102 seconds
[2021-04-20 07:13:08,472] {scheduler_job.py:153} INFO - Started process (PID=199) to work on /usr/local/airflow/dags/initial_dag.py
[2021-04-20 07:13:08,476] {scheduler_job.py:1560} INFO - Processing file /usr/local/airflow/dags/initial_dag.py for tasks to queue
[2021-04-20 07:13:08,477] {logging_mixin.py:112} INFO - [2021-04-20 07:13:08,477] {dagbag.py:403} INFO - Filling up the DagBag from /usr/local/airflow/dags/initial_dag.py
[2021-04-20 07:13:08,490] {scheduler_job.py:1572} INFO - DAG(s) dict_keys(['global_dag']) retrieved from /usr/local/airflow/dags/initial_dag.py
[2021-04-20 07:13:08,549] {scheduler_job.py:161} INFO - Processing /usr/local/airflow/dags/initial_dag.py took 0.078 seconds
[2021-04-20 07:13:12,464] {scheduler_job.py:153} INFO - Started process (PID=205) to work on /usr/local/airflow/dags/initial_dag.py
[2021-04-20 07:13:12,468] {scheduler_job.py:1560} INFO - Processing file /usr/local/airflow/dags/initial_dag.py for tasks to queue
[2021-04-20 07:13:12,470] {logging_mixin.py:112} INFO - [2021-04-20 07:13:12,469] {dagbag.py:403} INFO - Filling up the DagBag from /usr/local/airflow/dags/initial_dag.py
[2021-04-20 07:13:12,484] {scheduler_job.py:1572} INFO - DAG(s) dict_keys(['global_dag']) retrieved from /usr/local/airflow/dags/initial_dag.py
[2021-04-20 07:13:12,546] {scheduler_job.py:161} INFO - Processing /usr/local/airflow/dags/initial_dag.py took 0.082 seconds
[2021-04-20 07:13:16,483] {scheduler_job.py:153} INFO - Started process (PID=207) to work on /usr/local/airflow/dags/initial_dag.py
[2021-04-20 07:13:16,489] {scheduler_job.py:1560} INFO - Processing file /usr/local/airflow/dags/initial_dag.py for tasks to queue
[2021-04-20 07:13:16,491] {logging_mixin.py:112} INFO - [2021-04-20 07:13:16,491] {dagbag.py:403} INFO - Filling up the DagBag from /usr/local/airflow/dags/initial_dag.py
[2021-04-20 07:13:16,516] {scheduler_job.py:1572} INFO - DAG(s) dict_keys(['global_dag']) retrieved from /usr/local/airflow/dags/initial_dag.py
[2021-04-20 07:13:16,616] {scheduler_job.py:161} INFO - Processing /usr/local/airflow/dags/initial_dag.py took 0.134 seconds
[2021-04-20 07:13:20,489] {scheduler_job.py:153} INFO - Started process (PID=209) to work on /usr/local/airflow/dags/initial_dag.py
[2021-04-20 07:13:20,494] {scheduler_job.py:1560} INFO - Processing file /usr/local/airflow/dags/initial_dag.py for tasks to queue
[2021-04-20 07:13:20,495] {logging_mixin.py:112} INFO - [2021-04-20 07:13:20,495] {dagbag.py:403} INFO - Filling up the DagBag from /usr/local/airflow/dags/initial_dag.py
[2021-04-20 07:13:20,512] {scheduler_job.py:1572} INFO - DAG(s) dict_keys(['global_dag']) retrieved from /usr/local/airflow/dags/initial_dag.py
[2021-04-20 07:13:20,584] {scheduler_job.py:161} INFO - Processing /usr/local/airflow/dags/initial_dag.py took 0.095 seconds
[2021-04-20 07:13:24,463] {scheduler_job.py:153} INFO - Started process (PID=211) to work on /usr/local/airflow/dags/initial_dag.py
[2021-04-20 07:13:24,468] {scheduler_job.py:1560} INFO - Processing file /usr/local/airflow/dags/initial_dag.py for tasks to queue
[2021-04-20 07:13:24,469] {logging_mixin.py:112} INFO - [2021-04-20 07:13:24,469] {dagbag.py:403} INFO - Filling up the DagBag from /usr/local/airflow/dags/initial_dag.py
[2021-04-20 07:13:24,484] {scheduler_job.py:1572} INFO - DAG(s) dict_keys(['global_dag']) retrieved from /usr/local/airflow/dags/initial_dag.py
[2021-04-20 07:13:24,542] {scheduler_job.py:161} INFO - Processing /usr/local/airflow/dags/initial_dag.py took 0.079 seconds
[2021-04-20 07:13:28,477] {scheduler_job.py:153} INFO - Started process (PID=213) to work on /usr/local/airflow/dags/initial_dag.py
[2021-04-20 07:13:28,481] {scheduler_job.py:1560} INFO - Processing file /usr/local/airflow/dags/initial_dag.py for tasks to queue
[2021-04-20 07:13:28,483] {logging_mixin.py:112} INFO - [2021-04-20 07:13:28,482] {dagbag.py:403} INFO - Filling up the DagBag from /usr/local/airflow/dags/initial_dag.py
[2021-04-20 07:13:28,503] {scheduler_job.py:1572} INFO - DAG(s) dict_keys(['global_dag']) retrieved from /usr/local/airflow/dags/initial_dag.py
[2021-04-20 07:13:28,588] {scheduler_job.py:161} INFO - Processing /usr/local/airflow/dags/initial_dag.py took 0.111 seconds
[2021-04-20 07:13:32,491] {scheduler_job.py:153} INFO - Started process (PID=215) to work on /usr/local/airflow/dags/initial_dag.py
[2021-04-20 07:13:32,495] {scheduler_job.py:1560} INFO - Processing file /usr/local/airflow/dags/initial_dag.py for tasks to queue
[2021-04-20 07:13:32,497] {logging_mixin.py:112} INFO - [2021-04-20 07:13:32,497] {dagbag.py:403} INFO - Filling up the DagBag from /usr/local/airflow/dags/initial_dag.py
[2021-04-20 07:13:32,516] {scheduler_job.py:1572} INFO - DAG(s) dict_keys(['global_dag']) retrieved from /usr/local/airflow/dags/initial_dag.py
[2021-04-20 07:13:32,599] {scheduler_job.py:161} INFO - Processing /usr/local/airflow/dags/initial_dag.py took 0.108 seconds
[2021-04-20 07:13:36,508] {scheduler_job.py:153} INFO - Started process (PID=217) to work on /usr/local/airflow/dags/initial_dag.py
[2021-04-20 07:13:36,514] {scheduler_job.py:1560} INFO - Processing file /usr/local/airflow/dags/initial_dag.py for tasks to queue
[2021-04-20 07:13:36,515] {logging_mixin.py:112} INFO - [2021-04-20 07:13:36,515] {dagbag.py:403} INFO - Filling up the DagBag from /usr/local/airflow/dags/initial_dag.py
[2021-04-20 07:13:36,533] {scheduler_job.py:1572} INFO - DAG(s) dict_keys(['global_dag']) retrieved from /usr/local/airflow/dags/initial_dag.py
[2021-04-20 07:13:36,616] {scheduler_job.py:161} INFO - Processing /usr/local/airflow/dags/initial_dag.py took 0.108 seconds
[2021-04-20 07:13:40,540] {scheduler_job.py:153} INFO - Started process (PID=219) to work on /usr/local/airflow/dags/initial_dag.py
[2021-04-20 07:13:40,546] {scheduler_job.py:1560} INFO - Processing file /usr/local/airflow/dags/initial_dag.py for tasks to queue
[2021-04-20 07:13:40,547] {logging_mixin.py:112} INFO - [2021-04-20 07:13:40,547] {dagbag.py:403} INFO - Filling up the DagBag from /usr/local/airflow/dags/initial_dag.py
[2021-04-20 07:13:40,566] {scheduler_job.py:1572} INFO - DAG(s) dict_keys(['global_dag']) retrieved from /usr/local/airflow/dags/initial_dag.py
[2021-04-20 07:13:40,636] {scheduler_job.py:161} INFO - Processing /usr/local/airflow/dags/initial_dag.py took 0.097 seconds
[2021-04-20 07:13:44,524] {scheduler_job.py:153} INFO - Started process (PID=225) to work on /usr/local/airflow/dags/initial_dag.py
[2021-04-20 07:13:44,534] {scheduler_job.py:1560} INFO - Processing file /usr/local/airflow/dags/initial_dag.py for tasks to queue
[2021-04-20 07:13:44,537] {logging_mixin.py:112} INFO - [2021-04-20 07:13:44,536] {dagbag.py:403} INFO - Filling up the DagBag from /usr/local/airflow/dags/initial_dag.py
[2021-04-20 07:13:44,563] {scheduler_job.py:1572} INFO - DAG(s) dict_keys(['global_dag']) retrieved from /usr/local/airflow/dags/initial_dag.py
[2021-04-20 07:13:44,667] {scheduler_job.py:161} INFO - Processing /usr/local/airflow/dags/initial_dag.py took 0.144 seconds
[2021-04-20 07:13:48,537] {scheduler_job.py:153} INFO - Started process (PID=227) to work on /usr/local/airflow/dags/initial_dag.py
[2021-04-20 07:13:48,543] {scheduler_job.py:1560} INFO - Processing file /usr/local/airflow/dags/initial_dag.py for tasks to queue
[2021-04-20 07:13:48,547] {logging_mixin.py:112} INFO - [2021-04-20 07:13:48,547] {dagbag.py:403} INFO - Filling up the DagBag from /usr/local/airflow/dags/initial_dag.py
[2021-04-20 07:13:48,563] {scheduler_job.py:1572} INFO - DAG(s) dict_keys(['global_dag']) retrieved from /usr/local/airflow/dags/initial_dag.py
[2021-04-20 07:13:48,667] {scheduler_job.py:161} INFO - Processing /usr/local/airflow/dags/initial_dag.py took 0.130 seconds
[2021-04-20 07:13:52,547] {scheduler_job.py:153} INFO - Started process (PID=229) to work on /usr/local/airflow/dags/initial_dag.py
[2021-04-20 07:13:52,553] {scheduler_job.py:1560} INFO - Processing file /usr/local/airflow/dags/initial_dag.py for tasks to queue
[2021-04-20 07:13:52,555] {logging_mixin.py:112} INFO - [2021-04-20 07:13:52,555] {dagbag.py:403} INFO - Filling up the DagBag from /usr/local/airflow/dags/initial_dag.py
[2021-04-20 07:13:52,577] {scheduler_job.py:1572} INFO - DAG(s) dict_keys(['global_dag']) retrieved from /usr/local/airflow/dags/initial_dag.py
[2021-04-20 07:13:52,646] {scheduler_job.py:161} INFO - Processing /usr/local/airflow/dags/initial_dag.py took 0.099 seconds
[2021-04-20 07:13:56,526] {scheduler_job.py:153} INFO - Started process (PID=231) to work on /usr/local/airflow/dags/initial_dag.py
[2021-04-20 07:13:56,533] {scheduler_job.py:1560} INFO - Processing file /usr/local/airflow/dags/initial_dag.py for tasks to queue
[2021-04-20 07:13:56,535] {logging_mixin.py:112} INFO - [2021-04-20 07:13:56,535] {dagbag.py:403} INFO - Filling up the DagBag from /usr/local/airflow/dags/initial_dag.py
[2021-04-20 07:13:56,552] {scheduler_job.py:1572} INFO - DAG(s) dict_keys(['global_dag']) retrieved from /usr/local/airflow/dags/initial_dag.py
[2021-04-20 07:13:56,627] {scheduler_job.py:161} INFO - Processing /usr/local/airflow/dags/initial_dag.py took 0.101 seconds
[2021-04-20 07:14:00,534] {scheduler_job.py:153} INFO - Started process (PID=233) to work on /usr/local/airflow/dags/initial_dag.py
[2021-04-20 07:14:00,538] {scheduler_job.py:1560} INFO - Processing file /usr/local/airflow/dags/initial_dag.py for tasks to queue
[2021-04-20 07:14:00,540] {logging_mixin.py:112} INFO - [2021-04-20 07:14:00,540] {dagbag.py:403} INFO - Filling up the DagBag from /usr/local/airflow/dags/initial_dag.py
[2021-04-20 07:14:00,554] {scheduler_job.py:1572} INFO - DAG(s) dict_keys(['global_dag']) retrieved from /usr/local/airflow/dags/initial_dag.py
[2021-04-20 07:14:00,611] {scheduler_job.py:161} INFO - Processing /usr/local/airflow/dags/initial_dag.py took 0.077 seconds
[2021-04-20 07:14:04,546] {scheduler_job.py:153} INFO - Started process (PID=235) to work on /usr/local/airflow/dags/initial_dag.py
[2021-04-20 07:14:04,550] {scheduler_job.py:1560} INFO - Processing file /usr/local/airflow/dags/initial_dag.py for tasks to queue
[2021-04-20 07:14:04,552] {logging_mixin.py:112} INFO - [2021-04-20 07:14:04,551] {dagbag.py:403} INFO - Filling up the DagBag from /usr/local/airflow/dags/initial_dag.py
[2021-04-20 07:14:04,572] {scheduler_job.py:1572} INFO - DAG(s) dict_keys(['global_dag']) retrieved from /usr/local/airflow/dags/initial_dag.py
[2021-04-20 07:14:04,642] {scheduler_job.py:161} INFO - Processing /usr/local/airflow/dags/initial_dag.py took 0.096 seconds
[2021-04-20 07:14:08,562] {scheduler_job.py:153} INFO - Started process (PID=237) to work on /usr/local/airflow/dags/initial_dag.py
[2021-04-20 07:14:08,567] {scheduler_job.py:1560} INFO - Processing file /usr/local/airflow/dags/initial_dag.py for tasks to queue
[2021-04-20 07:14:08,569] {logging_mixin.py:112} INFO - [2021-04-20 07:14:08,568] {dagbag.py:403} INFO - Filling up the DagBag from /usr/local/airflow/dags/initial_dag.py
[2021-04-20 07:14:08,583] {scheduler_job.py:1572} INFO - DAG(s) dict_keys(['global_dag']) retrieved from /usr/local/airflow/dags/initial_dag.py
[2021-04-20 07:14:08,653] {scheduler_job.py:161} INFO - Processing /usr/local/airflow/dags/initial_dag.py took 0.091 seconds
[2021-04-20 07:14:12,626] {scheduler_job.py:153} INFO - Started process (PID=239) to work on /usr/local/airflow/dags/initial_dag.py
[2021-04-20 07:14:12,633] {scheduler_job.py:1560} INFO - Processing file /usr/local/airflow/dags/initial_dag.py for tasks to queue
[2021-04-20 07:14:12,637] {logging_mixin.py:112} INFO - [2021-04-20 07:14:12,635] {dagbag.py:403} INFO - Filling up the DagBag from /usr/local/airflow/dags/initial_dag.py
[2021-04-20 07:14:12,662] {scheduler_job.py:1572} INFO - DAG(s) dict_keys(['global_dag']) retrieved from /usr/local/airflow/dags/initial_dag.py
[2021-04-20 07:14:12,737] {scheduler_job.py:161} INFO - Processing /usr/local/airflow/dags/initial_dag.py took 0.111 seconds
[2021-04-20 07:14:16,595] {scheduler_job.py:153} INFO - Started process (PID=245) to work on /usr/local/airflow/dags/initial_dag.py
[2021-04-20 07:14:16,600] {scheduler_job.py:1560} INFO - Processing file /usr/local/airflow/dags/initial_dag.py for tasks to queue
[2021-04-20 07:14:16,602] {logging_mixin.py:112} INFO - [2021-04-20 07:14:16,601] {dagbag.py:403} INFO - Filling up the DagBag from /usr/local/airflow/dags/initial_dag.py
[2021-04-20 07:14:16,626] {scheduler_job.py:1572} INFO - DAG(s) dict_keys(['global_dag']) retrieved from /usr/local/airflow/dags/initial_dag.py
[2021-04-20 07:14:16,704] {scheduler_job.py:161} INFO - Processing /usr/local/airflow/dags/initial_dag.py took 0.109 seconds
[2021-04-20 07:14:20,593] {scheduler_job.py:153} INFO - Started process (PID=247) to work on /usr/local/airflow/dags/initial_dag.py
[2021-04-20 07:14:20,597] {scheduler_job.py:1560} INFO - Processing file /usr/local/airflow/dags/initial_dag.py for tasks to queue
[2021-04-20 07:14:20,599] {logging_mixin.py:112} INFO - [2021-04-20 07:14:20,599] {dagbag.py:403} INFO - Filling up the DagBag from /usr/local/airflow/dags/initial_dag.py
[2021-04-20 07:14:20,613] {scheduler_job.py:1572} INFO - DAG(s) dict_keys(['global_dag']) retrieved from /usr/local/airflow/dags/initial_dag.py
[2021-04-20 07:14:20,674] {scheduler_job.py:161} INFO - Processing /usr/local/airflow/dags/initial_dag.py took 0.081 seconds
[2021-04-20 07:14:24,591] {scheduler_job.py:153} INFO - Started process (PID=249) to work on /usr/local/airflow/dags/initial_dag.py
[2021-04-20 07:14:24,596] {scheduler_job.py:1560} INFO - Processing file /usr/local/airflow/dags/initial_dag.py for tasks to queue
[2021-04-20 07:14:24,597] {logging_mixin.py:112} INFO - [2021-04-20 07:14:24,597] {dagbag.py:403} INFO - Filling up the DagBag from /usr/local/airflow/dags/initial_dag.py
[2021-04-20 07:14:24,614] {scheduler_job.py:1572} INFO - DAG(s) dict_keys(['global_dag']) retrieved from /usr/local/airflow/dags/initial_dag.py
[2021-04-20 07:14:24,679] {scheduler_job.py:161} INFO - Processing /usr/local/airflow/dags/initial_dag.py took 0.088 seconds
[2021-04-20 07:14:28,583] {scheduler_job.py:153} INFO - Started process (PID=251) to work on /usr/local/airflow/dags/initial_dag.py
[2021-04-20 07:14:28,589] {scheduler_job.py:1560} INFO - Processing file /usr/local/airflow/dags/initial_dag.py for tasks to queue
[2021-04-20 07:14:28,591] {logging_mixin.py:112} INFO - [2021-04-20 07:14:28,591] {dagbag.py:403} INFO - Filling up the DagBag from /usr/local/airflow/dags/initial_dag.py
[2021-04-20 07:14:28,613] {scheduler_job.py:1572} INFO - DAG(s) dict_keys(['global_dag']) retrieved from /usr/local/airflow/dags/initial_dag.py
[2021-04-20 07:14:28,687] {scheduler_job.py:161} INFO - Processing /usr/local/airflow/dags/initial_dag.py took 0.104 seconds
[2021-04-20 07:14:32,595] {scheduler_job.py:153} INFO - Started process (PID=253) to work on /usr/local/airflow/dags/initial_dag.py
[2021-04-20 07:14:32,601] {scheduler_job.py:1560} INFO - Processing file /usr/local/airflow/dags/initial_dag.py for tasks to queue
[2021-04-20 07:14:32,602] {logging_mixin.py:112} INFO - [2021-04-20 07:14:32,602] {dagbag.py:403} INFO - Filling up the DagBag from /usr/local/airflow/dags/initial_dag.py
[2021-04-20 07:14:32,619] {scheduler_job.py:1572} INFO - DAG(s) dict_keys(['global_dag']) retrieved from /usr/local/airflow/dags/initial_dag.py
[2021-04-20 07:14:32,699] {scheduler_job.py:161} INFO - Processing /usr/local/airflow/dags/initial_dag.py took 0.104 seconds
[2021-04-20 07:14:36,610] {scheduler_job.py:153} INFO - Started process (PID=255) to work on /usr/local/airflow/dags/initial_dag.py
[2021-04-20 07:14:36,616] {scheduler_job.py:1560} INFO - Processing file /usr/local/airflow/dags/initial_dag.py for tasks to queue
[2021-04-20 07:14:36,617] {logging_mixin.py:112} INFO - [2021-04-20 07:14:36,617] {dagbag.py:403} INFO - Filling up the DagBag from /usr/local/airflow/dags/initial_dag.py
[2021-04-20 07:14:36,632] {scheduler_job.py:1572} INFO - DAG(s) dict_keys(['global_dag']) retrieved from /usr/local/airflow/dags/initial_dag.py
[2021-04-20 07:14:36,696] {scheduler_job.py:161} INFO - Processing /usr/local/airflow/dags/initial_dag.py took 0.087 seconds
[2021-04-20 07:14:40,626] {scheduler_job.py:153} INFO - Started process (PID=257) to work on /usr/local/airflow/dags/initial_dag.py
[2021-04-20 07:14:40,631] {scheduler_job.py:1560} INFO - Processing file /usr/local/airflow/dags/initial_dag.py for tasks to queue
[2021-04-20 07:14:40,632] {logging_mixin.py:112} INFO - [2021-04-20 07:14:40,632] {dagbag.py:403} INFO - Filling up the DagBag from /usr/local/airflow/dags/initial_dag.py
[2021-04-20 07:14:40,659] {scheduler_job.py:1572} INFO - DAG(s) dict_keys(['global_dag']) retrieved from /usr/local/airflow/dags/initial_dag.py
[2021-04-20 07:14:40,788] {scheduler_job.py:161} INFO - Processing /usr/local/airflow/dags/initial_dag.py took 0.162 seconds
[2021-04-20 07:14:44,652] {scheduler_job.py:153} INFO - Started process (PID=259) to work on /usr/local/airflow/dags/initial_dag.py
[2021-04-20 07:14:44,657] {scheduler_job.py:1560} INFO - Processing file /usr/local/airflow/dags/initial_dag.py for tasks to queue
[2021-04-20 07:14:44,658] {logging_mixin.py:112} INFO - [2021-04-20 07:14:44,658] {dagbag.py:403} INFO - Filling up the DagBag from /usr/local/airflow/dags/initial_dag.py
[2021-04-20 07:14:44,673] {scheduler_job.py:1572} INFO - DAG(s) dict_keys(['global_dag']) retrieved from /usr/local/airflow/dags/initial_dag.py
[2021-04-20 07:14:44,739] {scheduler_job.py:161} INFO - Processing /usr/local/airflow/dags/initial_dag.py took 0.087 seconds
[2021-04-20 07:14:48,662] {scheduler_job.py:153} INFO - Started process (PID=265) to work on /usr/local/airflow/dags/initial_dag.py
[2021-04-20 07:14:48,672] {scheduler_job.py:1560} INFO - Processing file /usr/local/airflow/dags/initial_dag.py for tasks to queue
[2021-04-20 07:14:48,674] {logging_mixin.py:112} INFO - [2021-04-20 07:14:48,674] {dagbag.py:403} INFO - Filling up the DagBag from /usr/local/airflow/dags/initial_dag.py
[2021-04-20 07:14:48,700] {scheduler_job.py:1572} INFO - DAG(s) dict_keys(['global_dag']) retrieved from /usr/local/airflow/dags/initial_dag.py
[2021-04-20 07:14:48,778] {scheduler_job.py:161} INFO - Processing /usr/local/airflow/dags/initial_dag.py took 0.116 seconds
[2021-04-20 07:14:52,665] {scheduler_job.py:153} INFO - Started process (PID=267) to work on /usr/local/airflow/dags/initial_dag.py
[2021-04-20 07:14:52,674] {scheduler_job.py:1560} INFO - Processing file /usr/local/airflow/dags/initial_dag.py for tasks to queue
[2021-04-20 07:14:52,676] {logging_mixin.py:112} INFO - [2021-04-20 07:14:52,676] {dagbag.py:403} INFO - Filling up the DagBag from /usr/local/airflow/dags/initial_dag.py
[2021-04-20 07:14:52,697] {scheduler_job.py:1572} INFO - DAG(s) dict_keys(['global_dag']) retrieved from /usr/local/airflow/dags/initial_dag.py
[2021-04-20 07:14:52,789] {scheduler_job.py:161} INFO - Processing /usr/local/airflow/dags/initial_dag.py took 0.125 seconds
[2021-04-20 07:14:56,655] {scheduler_job.py:153} INFO - Started process (PID=269) to work on /usr/local/airflow/dags/initial_dag.py
[2021-04-20 07:14:56,660] {scheduler_job.py:1560} INFO - Processing file /usr/local/airflow/dags/initial_dag.py for tasks to queue
[2021-04-20 07:14:56,662] {logging_mixin.py:112} INFO - [2021-04-20 07:14:56,661] {dagbag.py:403} INFO - Filling up the DagBag from /usr/local/airflow/dags/initial_dag.py
[2021-04-20 07:14:56,675] {scheduler_job.py:1572} INFO - DAG(s) dict_keys(['global_dag']) retrieved from /usr/local/airflow/dags/initial_dag.py
[2021-04-20 07:14:56,733] {scheduler_job.py:161} INFO - Processing /usr/local/airflow/dags/initial_dag.py took 0.078 seconds
[2021-04-20 07:15:00,652] {scheduler_job.py:153} INFO - Started process (PID=271) to work on /usr/local/airflow/dags/initial_dag.py
[2021-04-20 07:15:00,658] {scheduler_job.py:1560} INFO - Processing file /usr/local/airflow/dags/initial_dag.py for tasks to queue
[2021-04-20 07:15:00,660] {logging_mixin.py:112} INFO - [2021-04-20 07:15:00,660] {dagbag.py:403} INFO - Filling up the DagBag from /usr/local/airflow/dags/initial_dag.py
[2021-04-20 07:15:00,677] {scheduler_job.py:1572} INFO - DAG(s) dict_keys(['global_dag']) retrieved from /usr/local/airflow/dags/initial_dag.py
[2021-04-20 07:15:00,774] {scheduler_job.py:161} INFO - Processing /usr/local/airflow/dags/initial_dag.py took 0.122 seconds
[2021-04-20 07:15:04,668] {scheduler_job.py:153} INFO - Started process (PID=273) to work on /usr/local/airflow/dags/initial_dag.py
[2021-04-20 07:15:04,673] {scheduler_job.py:1560} INFO - Processing file /usr/local/airflow/dags/initial_dag.py for tasks to queue
[2021-04-20 07:15:04,674] {logging_mixin.py:112} INFO - [2021-04-20 07:15:04,674] {dagbag.py:403} INFO - Filling up the DagBag from /usr/local/airflow/dags/initial_dag.py
[2021-04-20 07:15:04,691] {scheduler_job.py:1572} INFO - DAG(s) dict_keys(['global_dag']) retrieved from /usr/local/airflow/dags/initial_dag.py
[2021-04-20 07:15:04,767] {scheduler_job.py:161} INFO - Processing /usr/local/airflow/dags/initial_dag.py took 0.100 seconds
[2021-04-20 07:15:08,680] {scheduler_job.py:153} INFO - Started process (PID=275) to work on /usr/local/airflow/dags/initial_dag.py
[2021-04-20 07:15:08,685] {scheduler_job.py:1560} INFO - Processing file /usr/local/airflow/dags/initial_dag.py for tasks to queue
[2021-04-20 07:15:08,686] {logging_mixin.py:112} INFO - [2021-04-20 07:15:08,686] {dagbag.py:403} INFO - Filling up the DagBag from /usr/local/airflow/dags/initial_dag.py
[2021-04-20 07:15:08,700] {scheduler_job.py:1572} INFO - DAG(s) dict_keys(['global_dag']) retrieved from /usr/local/airflow/dags/initial_dag.py
[2021-04-20 07:15:08,775] {scheduler_job.py:161} INFO - Processing /usr/local/airflow/dags/initial_dag.py took 0.096 seconds
